[debug] [2022-01-23T02:10:57.738Z] ----------------------------------------------------------------------
[debug] [2022-01-23T02:10:57.740Z] Command:       C:\Program Files\nodejs\node.exe C:\Users\MAKAI\AppData\Roaming\npm\node_modules\firebase-tools\lib\bin\firebase.js init
[debug] [2022-01-23T02:10:57.741Z] CLI Version:   10.1.0
[debug] [2022-01-23T02:10:57.741Z] Platform:      win32
[debug] [2022-01-23T02:10:57.741Z] Node Version:  v16.13.2
[debug] [2022-01-23T02:10:57.742Z] Time:          Sat Jan 22 2022 21:10:57 GMT-0500 (hora estándar de Colombia)
[debug] [2022-01-23T02:10:57.743Z] ----------------------------------------------------------------------
[debug] 
[debug] [2022-01-23T02:10:57.746Z] >>> [apiv2][query] GET https://firebase-public.firebaseio.com/cli.json [none]
[debug] [2022-01-23T02:10:57.776Z] > command requires scopes: ["email","openid","https://www.googleapis.com/auth/cloudplatformprojects.readonly","https://www.googleapis.com/auth/firebase","https://www.googleapis.com/auth/cloud-platform"]
[debug] [2022-01-23T02:10:57.776Z] > authorizing via signed-in user (osmeilypernia@gmail.com)
[info] 
     ######## #### ########  ######## ########     ###     ######  ########
     ##        ##  ##     ## ##       ##     ##  ##   ##  ##       ##
     ######    ##  ########  ######   ########  #########  ######  ######
     ##        ##  ##    ##  ##       ##     ## ##     ##       ## ##
     ##       #### ##     ## ######## ########  ##     ##  ######  ########

You're about to initialize a Firebase project in this directory:

  C:\Users\MAKAI\Documents\pokeapp

[debug] [2022-01-23T02:10:58.143Z] <<< [apiv2][status] GET https://firebase-public.firebaseio.com/cli.json 200
[debug] [2022-01-23T02:10:58.145Z] <<< [apiv2][body] GET https://firebase-public.firebaseio.com/cli.json {"cloudBuildErrorAfter":1594252800000,"cloudBuildWarnAfter":1590019200000,"defaultNode10After":1594252800000,"minVersion":"3.0.5","node8DeploysDisabledAfter":1613390400000,"node8RuntimeDisabledAfter":1615809600000,"node8WarnAfter":1600128000000}
[info] 
=== Project Setup
[info] 
[info] First, let's associate this project directory with a Firebase project.
[info] You can create multiple project aliases by running firebase use --add, 
[info] but for now we'll just set up a default project.
[info] 
